Log file open, 10/25/17 14:12:42
LogInit:Display: Running engine for game: SummonTreasure
LogPlatformFile: Not using cached read wrapper
LogInit:Display: RandInit(-1119597868) SRandInit(-1119597868).
LogTaskGraph: Started task graph with 5 named threads and 8 total threads with 1 sets of task threads.
LogStats: Stats thread started at 0.090831
LogInit: Using libcurl 7.47.1
LogInit:  - built for x86_64-pc-win32
LogInit:  - supports SSL with OpenSSL/1.0.2g
LogInit:  - supports HTTP deflate (compression) using libz 1.2.8
LogInit:  - other features:
LogInit:      CURL_VERSION_SSL
LogInit:      CURL_VERSION_LIBZ
LogInit:      CURL_VERSION_IPV6
LogInit:      CURL_VERSION_ASYNCHDNS
LogInit:      CURL_VERSION_LARGEFILE
LogInit:      CURL_VERSION_IDN
LogInit:  CurlRequestOptions (configurable via config and command line):
LogInit:  - bVerifyPeer = false  - Libcurl will NOT verify peer certificate
LogInit:  - bUseHttpProxy = false  - Libcurl will NOT use HTTP proxy
LogInit:  - bDontReuseConnections = false  - Libcurl will reuse connections
LogInit:  - CertBundlePath = nullptr  - Libcurl will use whatever was configured at build time.
LogInit: Build: ++UE4+Release-4.16-CL-3514769
LogInit: Engine Version: 4.16.2-3514769+++UE4+Release-4.16
LogInit: Compatible Engine Version: 4.16.0-3452394+++UE4+Release-4.16
LogInit: Net CL: 3452394
LogDevObjectVersion: Number of dev versions registered: 16
LogDevObjectVersion:   Dev-Blueprints (B0D832E4-1F89-4F0D-ACCF-7EB736FD4AA2): 9
LogDevObjectVersion:   Dev-Build (E1C64328-A22C-4D53-A36C-8E866417BD8C): 0
LogDevObjectVersion:   Dev-Core (375EC13C-06E4-48FB-B500-84F0262A717E): 2
LogDevObjectVersion:   Dev-Editor (E4B068ED-F494-42E9-A231-DA0B2E46BB41): 17
LogDevObjectVersion:   Dev-Framework (CFFC743F-43B0-4480-9391-14DF171D2073): 23
LogDevObjectVersion:   Dev-Mobile (B02B49B5-BB20-44E9-A304-32B752E40360): 0
LogDevObjectVersion:   Dev-Networking (A4E4105C-59A1-49B5-A7C5-40C4547EDFEE): 0
LogDevObjectVersion:   Dev-Online (39C831C9-5AE6-47DC-9A44-9C173E1C8E7C): 0
LogDevObjectVersion:   Dev-Physics (78F01B33-EBEA-4F98-B9B4-84EACCB95AA2): 0
LogDevObjectVersion:   Dev-Platform (6631380F-2D4D-43E0-8009-CF276956A95A): 0
LogDevObjectVersion:   Dev-Rendering (12F88B9F-8875-4AFC-A67C-D90C383ABD29): 15
LogDevObjectVersion:   Dev-Sequencer (7B5AE74C-D270-4C10-A958-57980B212A5A): 4
LogDevObjectVersion:   Dev-VR (D7296918-1DD6-4BDD-9DE2-64A83CC13884): 0
LogDevObjectVersion:   Dev-LoadTimes (C2A15278-BFE7-4AFE-6C17-90FF531DF755): 1
LogDevObjectVersion:   Private-Geometry (6EACA3D4-40EC-4CC1-B786-8BED09428FC5): 1
LogDevObjectVersion:   Dev-AnimPhys (29E575DD-E0A3-4627-9D10-D276232CDCEA): 3
LogInit: Compiled (64-bit): Jun 29 2017 02:03:24
LogInit: Compiled with Visual C++: 19.00.24215.01
LogInit: Build Configuration: Development
LogInit: Branch Name: ++UE4+Release-4.16
LogInit: Command line: -EpicPortal 
LogInit: Base directory: C:/Program Files/Epic Games/UE_4.16/Engine/Binaries/Win64/
LogInit: Installed Engine Build: 1
LogInit: Presizing for max 8388607 objects, including 0 objects not considered by GC, pre-allocating 0 bytes for permanent pool.
LogInit: Object subsystem initialized
[2017.10.25-20.12.42:836][  0]LogInit: Selected Device Profile: [Windows]
[2017.10.25-20.12.42:836][  0]LogInit: Applying CVar settings loaded from the selected device profile: [Windows]
[2017.10.25-20.12.42:846][  0]LogInit: Computer: eae-d-008
[2017.10.25-20.12.42:846][  0]LogInit: User: u0965156
[2017.10.25-20.12.42:846][  0]LogInit: CPU Page size=4096, Cores=4
[2017.10.25-20.12.42:846][  0]LogInit: High frequency timer resolution =3.513590 MHz
[2017.10.25-20.12.42:846][  0]LogMemory: Memory total: Physical=31.9GB (32GB approx)
[2017.10.25-20.12.42:846][  0]LogMemory: Platform Memory Stats for Windows
[2017.10.25-20.12.42:846][  0]LogMemory: Process Physical Memory: 272.92 MB used, 272.92 MB peak
[2017.10.25-20.12.42:846][  0]LogMemory: Process Virtual Memory: 262.75 MB used, 262.75 MB peak
[2017.10.25-20.12.42:846][  0]LogMemory: Physical Memory: 6503.06 MB used,  26141.59 MB free, 32644.64 MB total
[2017.10.25-20.12.42:846][  0]LogMemory: Virtual Memory: 640.54 MB used,  26141.59 MB free, 134217728.00 MB total
[2017.10.25-20.12.42:913][  0]LogInit: Using OS detected language (en-US).
[2017.10.25-20.12.42:913][  0]LogInit: Using OS detected locale (en-US).
[2017.10.25-20.12.42:915][  0]LogTextLocalizationManager: No specific localization for 'en-US' exists, so the 'en' localization will be used.
[2017.10.25-20.12.43:780][  0]LogD3D11RHI: D3D11 adapters:
[2017.10.25-20.12.43:823][  0]LogD3D11RHI:    0. 'NVIDIA GeForce GTX 1070' (Feature Level 11_0)
[2017.10.25-20.12.43:823][  0]LogD3D11RHI:       8081/0/16322 MB DedicatedVideo/DedicatedSystem/SharedSystem, Outputs:1, VendorId:0x10de
[2017.10.25-20.12.43:828][  0]LogD3D11RHI:    1. 'Intel(R) HD Graphics 4600' (Feature Level 11_0)
[2017.10.25-20.12.43:828][  0]LogD3D11RHI:       112/0/2048 MB DedicatedVideo/DedicatedSystem/SharedSystem, Outputs:0, VendorId:0x8086
[2017.10.25-20.12.43:829][  0]LogD3D11RHI:    2. 'Microsoft Basic Render Driver' (Feature Level 11_0)
[2017.10.25-20.12.43:829][  0]LogD3D11RHI:       0/0/16322 MB DedicatedVideo/DedicatedSystem/SharedSystem, Outputs:0, VendorId:0x1414
[2017.10.25-20.12.43:829][  0]LogD3D11RHI: Chosen D3D11 Adapter: 0
[2017.10.25-20.12.43:834][  0]LogD3D11RHI: Creating new Direct3DDevice
[2017.10.25-20.12.43:834][  0]LogD3D11RHI:     GPU DeviceId: 0x1b81 (for the marketing name, search the web for "GPU Device Id")
[2017.10.25-20.12.43:834][  0]LogWindows: EnumDisplayDevices:
[2017.10.25-20.12.43:834][  0]LogWindows:    0. 'NVIDIA GeForce GTX 1070' (P:1 D:1)
[2017.10.25-20.12.43:835][  0]LogWindows:    1. 'NVIDIA GeForce GTX 1070' (P:0 D:0)
[2017.10.25-20.12.43:835][  0]LogWindows:    2. 'NVIDIA GeForce GTX 1070' (P:0 D:0)
[2017.10.25-20.12.43:835][  0]LogWindows:    3. 'NVIDIA GeForce GTX 1070' (P:0 D:0)
[2017.10.25-20.12.43:835][  0]LogWindows:    4. 'Intel(R) HD Graphics 4600' (P:0 D:0)
[2017.10.25-20.12.43:835][  0]LogWindows:    5. 'Intel(R) HD Graphics 4600' (P:0 D:0)
[2017.10.25-20.12.43:835][  0]LogWindows:    6. 'Intel(R) HD Graphics 4600' (P:0 D:0)
[2017.10.25-20.12.43:835][  0]LogWindows: DebugString: PrimaryIsNotTheChoosenAdapter PrimaryIsNotTheChoosenAdapter PrimaryIsNotTheChoosenAdapter FoundDriverCount:4 
[2017.10.25-20.12.43:835][  0]LogD3D11RHI:     Adapter Name: NVIDIA GeForce GTX 1070
[2017.10.25-20.12.43:835][  0]LogD3D11RHI:   Driver Version: 384.76 (internal:22.21.13.8476, unified:384.76)
[2017.10.25-20.12.43:835][  0]LogD3D11RHI:      Driver Date: 6-27-2017
[2017.10.25-20.12.43:835][  0]LogRHI: Texture pool is 1361 MB (70% of 1945 MB)
[2017.10.25-20.12.43:853][  0]LogD3D11RHI: Async texture creation enabled
[2017.10.25-20.12.43:863][  0]LogD3D11RHI: GPU Timing Frequency: 1000.000000 (Debug: 2 1)
[2017.10.25-20.12.43:911][  0]LogShaderCompilers: Guid format shader working directory is -34 characters bigger than the processId version (../../../../../../Users/u0965156/Documents/GitHub/SummoningTreasure/SummonTreasure/Intermediate/Shaders/WorkingDirectory/16640/).
[2017.10.25-20.12.43:911][  0]LogShaderCompilers: Cleaned the shader compiler working directory 'C:/Users/u0965156/AppData/Local/Temp/UnrealShaderWorkingDir/D789BE134E013ECEBFBB30AAE7289CBE/'.
[2017.10.25-20.12.43:912][  0]LogShaderCompilers:Display: Using Local Shader Compiler.
[2017.10.25-20.12.44:850][  0]LogTemp:Display: Loaded TP AllDesktopTargetPlatform
[2017.10.25-20.12.44:895][  0]LogTemp:Display: Loaded TP MacClientTargetPlatform
[2017.10.25-20.12.44:939][  0]LogTemp:Display: Loaded TP MacNoEditorTargetPlatform
[2017.10.25-20.12.44:985][  0]LogTemp:Display: Loaded TP MacServerTargetPlatform
[2017.10.25-20.12.45:034][  0]LogTemp:Display: Loaded TP MacTargetPlatform
[2017.10.25-20.12.45:080][  0]LogTemp:Display: Loaded TP WindowsClientTargetPlatform
[2017.10.25-20.12.45:126][  0]LogTemp:Display: Loaded TP WindowsNoEditorTargetPlatform
[2017.10.25-20.12.45:172][  0]LogTemp:Display: Loaded TP WindowsServerTargetPlatform
[2017.10.25-20.12.45:213][  0]LogTemp:Display: Loaded TP WindowsTargetPlatform
[2017.10.25-20.12.45:259][  0]LogTemp:Display: Loaded TP AndroidTargetPlatform
[2017.10.25-20.12.45:304][  0]LogTemp:Display: Loaded TP Android_ASTCTargetPlatform
[2017.10.25-20.12.45:351][  0]LogTemp:Display: Loaded TP Android_ATCTargetPlatform
[2017.10.25-20.12.45:396][  0]LogTemp:Display: Loaded TP Android_DXTTargetPlatform
[2017.10.25-20.12.45:442][  0]LogTemp:Display: Loaded TP Android_ETC1TargetPlatform
[2017.10.25-20.12.45:487][  0]LogTemp:Display: Loaded TP Android_ETC2TargetPlatform
[2017.10.25-20.12.45:581][  0]LogTemp:Display: Loaded TP Android_MultiTargetPlatform
[2017.10.25-20.12.45:581][  0]LogTemp:Display: Loaded TP Android_PVRTCTargetPlatform
[2017.10.25-20.12.45:618][  0]LogTemp:Display: Loaded TP HTML5TargetPlatform
[2017.10.25-20.12.45:707][  0]LogTemp:Display: Loaded TP IOSTargetPlatform
[2017.10.25-20.12.45:737][  0]LogTemp:Display: Loaded TP TVOSTargetPlatform
[2017.10.25-20.12.45:783][  0]LogTemp:Display: Loaded TP LinuxClientTargetPlatform
[2017.10.25-20.12.45:829][  0]LogTemp:Display: Loaded TP LinuxNoEditorTargetPlatform
[2017.10.25-20.12.45:875][  0]LogTemp:Display: Loaded TP LinuxServerTargetPlatform
[2017.10.25-20.12.45:921][  0]LogTemp:Display: Loaded TP LinuxTargetPlatform
[2017.10.25-20.12.45:921][  0]LogTargetPlatformManager:Display: Building Assets For Windows
[2017.10.25-20.12.46:382][  0]LogDerivedDataCache:Display: Max Cache Size: 512 MB
[2017.10.25-20.12.46:469][  0]LogDerivedDataCache: Loaded boot cache 0.09s 90MB C:/Users/u0965156/AppData/Local/UnrealEngine/4.16/DerivedDataCache/Boot.ddc.
[2017.10.25-20.12.46:469][  0]LogDerivedDataCache:Display: Loaded Boot cache: C:/Users/u0965156/AppData/Local/UnrealEngine/4.16/DerivedDataCache/Boot.ddc
[2017.10.25-20.12.46:469][  0]LogDerivedDataCache: FDerivedDataBackendGraph:  Pak pak cache file ../../../../../../Users/u0965156/Documents/GitHub/SummoningTreasure/SummonTreasure/DerivedDataCache/DDC.ddp not found, will not use a pak cache.
[2017.10.25-20.12.46:469][  0]LogDerivedDataCache: Unable to find inner node Pak for hierarchical cache Hierarchy.
[2017.10.25-20.12.46:469][  0]LogDerivedDataCache: FDerivedDataBackendGraph:  CompressedPak pak cache file ../../../../../../Users/u0965156/Documents/GitHub/SummoningTreasure/SummonTreasure/DerivedDataCache/Compressed.ddp not found, will not use a pak cache.
[2017.10.25-20.12.46:469][  0]LogDerivedDataCache: Unable to find inner node CompressedPak for hierarchical cache Hierarchy.
[2017.10.25-20.12.46:485][  0]LogDerivedDataCache:Display: Pak cache opened for reading ../../../Engine/DerivedDataCache/Compressed.ddp.
[2017.10.25-20.12.46:497][  0]LogDerivedDataCache: Using Local data cache path C:/Users/u0965156/AppData/Local/UnrealEngine/Common/DerivedDataCache: Writable
[2017.10.25-20.12.46:506][  0]LogMaterial: Verifying Global Shaders for PCD3D_SM5
[2017.10.25-20.12.46:506][  0]LogSlate: Using Freetype 2.6.0
[2017.10.25-20.12.46:506][  0]LogSlate: SlateFontCache - WITH_FREETYPE: 1, WITH_HARFBUZZ: 1
[2017.10.25-20.12.46:506][  0]LogSlate: SlateFontCache - WITH_FREETYPE: 1, WITH_HARFBUZZ: 1
[2017.10.25-20.12.46:798][  0]LogInit: Selected Device Profile: [Windows]
[2017.10.25-20.12.46:864][  0]LogContentStreaming: Texture pool size is 0.00 MB
[2017.10.25-20.12.47:010][  0]LogMeshUtilities: Using QuadricMeshReduction for automatic static mesh reduction
[2017.10.25-20.12.47:053][  0]LogSimplygon: Simplygon DLL not present - disabling.
[2017.10.25-20.12.47:099][  0]LogMeshUtilities: Using SimplygonSwarm for distributed automatic mesh merging
[2017.10.25-20.12.47:099][  0]LogMeshUtilities: No automatic skeletal mesh reduction module available
[2017.10.25-20.12.47:099][  0]LogMeshUtilities: No automatic mesh merging module available
[2017.10.25-20.12.47:603][  0]LogNetVersion: SummonTreasure , NetCL: 3452394, EngineNetVer: 2, GameNetVer: 0 (Checksum: 2462957831)
[2017.10.25-20.12.47:664][  0]LogAssetRegistry: FAssetRegistry took 0.0253 seconds to start up
[2017.10.25-20.12.47:733][  0]LogPackageLocalizationCache: Processed 4 localized package path(s) for 2 prioritized culture(s) in 0.044305 seconds
[2017.10.25-20.12.47:741][  0]LogUObjectArray: 34194 objects as part of root set at end of initial load.
[2017.10.25-20.12.47:741][  0]LogUObjectAllocator: 7260416 out of 0 bytes used by permanent object pool.
[2017.10.25-20.12.47:741][  0]LogUObjectArray: CloseDisregardForGC: 0/0 objects in disregard for GC pool
[2017.10.25-20.12.47:812][  0]LogInit: WinSock: version 1.1 (2.2), MaxSocks=32767, MaxUdp=65467
[2017.10.25-20.12.49:695][  0]LogPackageName:Warning: String asset reference "Env_Ice_Rocky.Mesh.Env_Ice_NordHeed01" is in short form, which is unsupported and -- even if valid -- resolving it will be really slow.
[2017.10.25-20.12.49:695][  0]LogPackageName:Warning: Please consider resaving package in order to speed-up loading.
[2017.10.25-20.12.49:695][  0]LogPackageName: SearchForPackageOnDisk took   0.092s, but failed to resolve Env_Ice_Rocky.
[2017.10.25-20.12.49:695][  0]LogPackageName:Warning: String asset reference "Env_Ice_Rocky.Mesh.Env_Ice_NordHeed01" could not be resolved.
[2017.10.25-20.12.50:113][  0]LogTcpMessaging: Initializing TcpMessaging bridge
[2017.10.25-20.12.50:157][  0]LogUdpMessaging: Initializing bridge on interface 0.0.0.0:0 to multicast group 230.0.0.1:6666.
[2017.10.25-20.12.50:652][  0]LogMaterial: Uniform references updated for custom material expression Custom.
[2017.10.25-20.12.51:022][  0]SourceControl: Info Source control is disabled
[2017.10.25-20.12.51:055][  0]SourceControl: Info Source control is disabled
[2017.10.25-20.12.51:103][  0]SourceControl: Info Source control is disabled
[2017.10.25-20.12.51:148][  0]SourceControl: Info Source control is disabled
[2017.10.25-20.12.51:787][  0]LogAndroidPermission: UAndroidPermissionCallbackProxy::GetInstance
[2017.10.25-20.12.52:343][  0]LogEngine: Initializing Engine...
[2017.10.25-20.12.52:344][  0]LogHMD: Failed to initialize OpenVR with code 110
[2017.10.25-20.12.52:536][  0]LogStats: UGameplayTagsManager::ConstructGameplayTagTree: Construct from data asset -  0.000 s
[2017.10.25-20.12.52:536][  0]LogStats: UGameplayTagsManager::ConstructGameplayTagTree: GameplayTagTreeChangedEvent.Broadcast -  0.000 s
[2017.10.25-20.12.52:657][  0]LogAIModule: Creating AISystem for world Untitled
[2017.10.25-20.12.52:669][  0]LogInit: XAudio2 using 'DELL UZ2315H-4 (NVIDIA High Definition Audio)' : 2 channels at 48 kHz using 16 bits per sample (channel mask 0x3)
[2017.10.25-20.12.52:689][  0]LogInit: FAudioDevice initialized.
[2017.10.25-20.12.52:730][  0]LogDerivedDataCache: Saved boot cache 0.04s 90MB C:/Users/u0965156/AppData/Local/UnrealEngine/4.16/DerivedDataCache/Boot.ddc.
[2017.10.25-20.12.52:745][  0]LogInit: Texture streaming: Enabled
[2017.10.25-20.12.52:834][  0]LogEngineSessionManager: EngineSessionManager initialized
[2017.10.25-20.12.53:043][  0]LogInit: Transaction tracking system initialized
[2017.10.25-20.12.53:332][  0]BlueprintLog: New page: Editor Load
[2017.10.25-20.12.54:213][  0]LocalizationService: Info Localization service is disabled
[2017.10.25-20.12.54:866][  0]LogConsoleResponse:Display: 
[2017.10.25-20.12.54:998][  0]LogCook:Display: Max memory allowance for cook 16384mb min free memory 0mb
[2017.10.25-20.12.54:998][  0]LogCook:Display: Mobile HDR setting 1
[2017.10.25-20.12.55:375][  0]LogFileCache: Scanning file cache for directory 'C:/Users/u0965156/Documents/GitHub/SummoningTreasure/SummonTreasure/Content/' took 0.02s
[2017.10.25-20.12.55:959][  0]SourceControl: Info Source control is disabled
[2017.10.25-20.12.55:959][  0]Cmd: MAP LOAD FILE="../../../Engine/Content/Maps/Templates/Template_Default.umap" TEMPLATE=1 SHOWPROGRESS=1 FEATURELEVEL=3
[2017.10.25-20.12.55:959][  0]LightingResults: New page: Lighting Build
[2017.10.25-20.12.55:998][  0]MapCheck: New page: Map Check
[2017.10.25-20.12.55:998][  0]LightingResults: New page: Lighting Build
[2017.10.25-20.12.56:171][  0]LogAIModule: Creating AISystem for world Untitled_1
[2017.10.25-20.12.56:172][  0]LogActorComponent: RegisterComponentWithWorld: (/Temp/Untitled_1.Untitled_1:PersistentLevel.WorldSettings_1.StaticMeshComponent0) Trying to register component with IsPendingKill() == true. Aborting.
[2017.10.25-20.12.56:177][  0]LogEditorServer: Finished looking for orphan Actors (0.000 secs)
[2017.10.25-20.12.56:192][  0]Cmd: MAP CHECKDEP NOCLEARLOG
[2017.10.25-20.12.56:238][  0]MapCheck: Info Map check complete: 0 Error(s), 0 Warning(s), took 45.957ms to complete.
[2017.10.25-20.12.56:238][  0]LogFileHelpers: Loading map 'Template_Default' took 0.280
[2017.10.25-20.12.56:395][  0]LogCollectionManager: Loaded 0 collections in 0.001427 seconds
[2017.10.25-20.12.56:491][  0]LogFileCache: Scanning file cache for directory 'C:/Users/u0965156/Documents/GitHub/SummoningTreasure/SummonTreasure/Saved/Collections/' took 0.01s
[2017.10.25-20.12.56:491][  0]LogFileCache: Scanning file cache for directory 'C:/Users/u0965156/Documents/GitHub/SummoningTreasure/SummonTreasure/Content/Developers/u0965156/Collections/' took 0.01s
[2017.10.25-20.12.56:491][  0]LogFileCache: Scanning file cache for directory 'C:/Users/u0965156/Documents/GitHub/SummoningTreasure/SummonTreasure/Content/Collections/' took 0.01s
[2017.10.25-20.12.56:491][  0]LogCollectionManager: Rebuilt the GUID cache for 0 collections in 0.000001 seconds
[2017.10.25-20.12.56:511][  0]LogContentBrowser: Native class hierarchy populated in 0.0085 seconds. Added 2329 classes and 491 folders.
[2017.10.25-20.12.56:574][  0]LogContentBrowser: Native class hierarchy updated for 'WidgetCarousel' in 0.0005 seconds. Added 0 classes and 0 folders.
[2017.10.25-20.12.56:916][  0]LogContentBrowser: Native class hierarchy updated for 'AddContentDialog' in 0.0005 seconds. Added 0 classes and 0 folders.
[2017.10.25-20.12.56:963][  0]LogContentBrowser: Native class hierarchy updated for 'SceneOutliner' in 0.0005 seconds. Added 1 classes and 2 folders.
[2017.10.25-20.12.57:020][  0]LogCrashTracker: Crashtracker disabled due to settings.
[2017.10.25-20.12.57:026][  0]LogSlate: Took 0.000193 seconds to synchronously load lazily loaded font '../../../Engine/Content/Slate/Fonts/Roboto-Regular.ttf' (155K)
[2017.10.25-20.12.57:028][  0]LogSlate: Took 0.000189 seconds to synchronously load lazily loaded font '../../../Engine/Content/Slate/Fonts/Roboto-Bold.ttf' (160K)
[2017.10.25-20.12.57:041][  0]LogSlate: Took 0.006701 seconds to synchronously load lazily loaded font '../../../Engine/Content/Editor/Slate/Fonts/FontAwesome.ttf' (139K)
[2017.10.25-20.12.57:166][  0]LogRenderer: Reallocating scene render targets to support 1208x576 NumSamples 1 (Frame:1).
[2017.10.25-20.12.57:378][  0]LogContentBrowser: Native class hierarchy updated for 'HierarchicalLODOutliner' in 0.0005 seconds. Added 1 classes and 2 folders.
[2017.10.25-20.12.57:378][  0]LogLoad: (Engine Initialization) Total time: 16.17 seconds
[2017.10.25-20.12.57:378][  0]LogLoad: (Engine Initialization) Total Blueprint compile time: 0.08 seconds
[2017.10.25-20.12.57:378][  0]LogExternalProfiler: Found external profiler: VSPerf
[2017.10.25-20.12.57:378][  0]LogExternalProfiler: Using external profiler: VSPerf
[2017.10.25-20.12.57:388][  0]LogWindowsTextInputMethodSystem:Display: IME system now deactivated.
[2017.10.25-20.12.57:388][  0]LogOcInput: OculusInput pre-init called
[2017.10.25-20.12.57:388][  0]LogHMD: Starting GearVRController plugin
[2017.10.25-20.12.57:409][  0]LogAssetRegistry: Asset discovery search completed in 9.7665 seconds
[2017.10.25-20.12.57:410][  0]LogCollectionManager: Rebuilt the object cache for 0 collections in 0.000001 seconds (found 0 objects)
[2017.10.25-20.12.57:410][  0]LogCollectionManager: Fixed up redirectors for 0 collections in 0.000022 seconds (updated 0 objects)
[2017.10.25-20.12.57:413][  0]LogContentStreaming: Texture pool size now 1000 MB
[2017.10.25-20.12.57:457][  0]LogSlate: Took 0.004684 seconds to synchronously load lazily loaded font '../../../Engine/Content/Slate/Fonts/Roboto-Light.ttf' (159K)
[2017.10.25-20.13.08:119][256]Cmd: MAP LOAD FILE="../../../../../../Users/u0965156/Documents/GitHub/SummoningTreasure/SummonTreasure/Content/SummoningTreasure.umap" TEMPLATE=0 SHOWPROGRESS=1 FEATURELEVEL=3
[2017.10.25-20.13.08:123][256]LogSlate: Took 0.000120 seconds to synchronously load lazily loaded font '../../../Engine/Content/Slate/Fonts/Roboto-Light.ttf' (159K)
[2017.10.25-20.13.08:131][256]LightingResults: New page: Lighting Build
[2017.10.25-20.13.08:131][256]LoadErrors: New page: Loading map: SummoningTreasure.umap
[2017.10.25-20.13.08:133][256]MapCheck: New page: Map Check
[2017.10.25-20.13.08:133][256]LightingResults: New page: Lighting Build
[2017.10.25-20.13.08:147][256]LogLinker:Warning: Can't find file '/Game/SummoningTreasure_BuiltData'
[2017.10.25-20.13.08:147][256]LogLinker:Warning: Can't find file for asset '/Game/SummoningTreasure_BuiltData' while loading ../../../../../../Users/u0965156/Documents/GitHub/SummoningTreasure/SummonTreasure/Content/SummoningTreasure.umap.
[2017.10.25-20.13.08:147][256]LoadErrors:Error: Error /Game/SummoningTreasure : Can't find file for asset. /Game/SummoningTreasure_BuiltData
[2017.10.25-20.13.08:244][256]LogLinker:Warning: Can't find file '/Game/SummoningTreasure_BuiltData'
[2017.10.25-20.13.08:244][256]LogLinker:Warning: Can't find file for asset '/Game/SummoningTreasure_BuiltData' while loading ../../../../../../Users/u0965156/Documents/GitHub/SummoningTreasure/SummonTreasure/Content/SummoningTreasure.umap.
[2017.10.25-20.13.08:277][256]LogLinker:Warning: Can't find file '/Game/SummoningTreasure_BuiltData'
[2017.10.25-20.13.08:277][256]LoadErrors: Info Failed to load /Game/SummoningTreasure_BuiltData.SummoningTreasure_BuiltData Referenced by PersistentLevel
[2017.10.25-20.13.08:277][256]LogLinker:Warning: Can't find file for asset '/Game/SummoningTreasure_BuiltData' while loading NULL.
[2017.10.25-20.13.08:320][256]LogTexture:Display: Building textures: T_LCave_EmissiveMushroom_01 (AutoDXT, 1024X1024)
[2017.10.25-20.13.08:668][256]LogTexture:Display: Building textures: T_LCave_EmissiveMushroom_01_Normal (BC5, 1024X1024)
[2017.10.25-20.13.08:855][256]LogTexture:Display: Building textures: T_LCave_EmissiveMushroom_02 (AutoDXT, 1024X1024)
[2017.10.25-20.13.09:292][256]LogMaterial: Missing cached shader map for material M_emissive_Mushrooms_01, compiling. 
[2017.10.25-20.13.09:385][256]LogTexture:Display: Building textures: book_occlusion (DXT1, 2048X2048)
[2017.10.25-20.13.09:930][256]LogTexture:Display: Building textures: book_normals (BC5, 2048X2048)
[2017.10.25-20.13.10:298][256]LogTexture:Display: Building textures: T_DustParticles_M (DXT1, 512X512)
[2017.10.25-20.13.10:329][256]LogMaterial: Missing cached shader map for material M_Book_Mat, compiling. 
[2017.10.25-20.13.10:356][256]LogStaticMesh: Building static mesh BookLP...
[2017.10.25-20.13.10:363][256]LogStaticMesh: Built static mesh [0.01s] /Game/ArchVis/Mesh/BookLP.BookLP
[2017.10.25-20.13.10:417][256]LogTexture:Display: Building textures: T_Fire_Lava (AutoDXT, 1024X1024)
[2017.10.25-20.13.11:166][256]LogTexture:Display: Building textures: T_Cooled_Lava_D (AutoDXT, 2048X2048)
[2017.10.25-20.13.13:641][256]LogTexture:Display: Building textures: T_Cooled_Lava_N (BC5, 2048X2048)
[2017.10.25-20.13.14:036][256]LogMaterial: Missing cached shader map for material SimpleMaster, compiling. 
[2017.10.25-20.13.14:241][256]LogTexture:Display: Building textures: T_Env_Fire_Cliffs_TilingStone_02_D (AutoDXT, 2048X2048)
[2017.10.25-20.13.17:167][256]LogTexture:Display: Building textures: T_Env_Fire_Cliffs_TilingStone_02_N_2 (BC5, 2048X2048)
[2017.10.25-20.13.17:517][256]LogTexture:Display: Building textures: T_WoodenBarrel_01_N (BC5, 512X512)
[2017.10.25-20.13.17:548][256]LogTexture:Display: Building textures: T_WoodenBarrel_01_D (AutoDXT, 512X512)
[2017.10.25-20.13.17:719][256]LogMaterial: Missing cached shader map for material M_WoodenBarrel_01, compiling. 
[2017.10.25-20.13.17:741][256]LogStaticMesh: Building static mesh SM_WoodenBarrel_Damaged...
[2017.10.25-20.13.17:783][256]LogStaticMesh: Built static mesh [0.04s] /Game/InfinityBladeGrassLands/Environments/Misc/Exo_Deco01/StaticMesh/SM_WoodenBarrel_Damaged.SM_WoodenBarrel_Damaged
[2017.10.25-20.13.17:785][256]LogStaticMesh: Building static mesh SM_Exo_Crate_Open_Intact...
[2017.10.25-20.13.17:803][256]LogStaticMesh: Built static mesh [0.02s] /Game/InfinityBladeGrassLands/Environments/Misc/Exo_Deco01/StaticMesh/SM_Exo_Crate_Open_Intact.SM_Exo_Crate_Open_Intact
[2017.10.25-20.13.17:807][256]LogTexture:Display: Building textures: T_Exo_Crate_Open_N (AutoDXT, 256X256)
[2017.10.25-20.13.18:019][256]LogTexture:Display: Building textures: Plate_Floor_2_N (BC5, 2048X2048)
[2017.10.25-20.13.18:406][256]LogSlate: Took 0.000263 seconds to synchronously load lazily loaded font '../../../Engine/Content/Slate/Fonts/Roboto-Regular.ttf' (155K)
[2017.10.25-20.13.18:579][256]LogTexture:Display: Building textures: Plate_Floor_2_D (AutoDXT, 2048X2048)
[2017.10.25-20.13.21:072][256]LogTexture:Display: Building textures: T_Exo_Crate_Open_D (AutoDXT, 256X256)
[2017.10.25-20.13.21:137][256]LogMaterial: Missing cached shader map for material M_Exo_Crate_Open, compiling. 
[2017.10.25-20.13.21:153][256]LogStaticMesh: Building static mesh SM_Exo_Crate_Open_Damaged...
[2017.10.25-20.13.21:284][256]LogStaticMesh: Built static mesh [0.13s] /Game/InfinityBladeGrassLands/Environments/Misc/Exo_Deco01/StaticMesh/SM_Exo_Crate_Open_Damaged.SM_Exo_Crate_Open_Damaged
[2017.10.25-20.13.22:047][256]LogTexture:Display: Building textures: Rock_Free_FloorBrown01_Albedo (AutoDXT, 4096X4096)
[2017.10.25-20.13.30:922][256]LogTexture:Display: Building textures: Rock_Free_MossBrown01_Roughness (AutoDXT, 4096X4096)
[2017.10.25-20.13.37:945][256]LogTexture:Display: Building textures: Rock_Free_MossBrown01_Normal (BC5, 4096X4096)
[2017.10.25-20.13.39:914][256]LogTexture:Display: Building textures: Rock_Free_MossBrown01_Albedo (AutoDXT, 4096X4096)
[2017.10.25-20.13.48:215][256]LogTexture:Display: Building textures: Rock_Free_FloorBrown01_Roughness (G8, 4096X4096)
[2017.10.25-20.13.50:153][256]LogTexture:Display: Building textures: Rock_Free_FloorBrown01_Normal (BC5, 4096X4096)
[2017.10.25-20.13.51:643][256]LogStaticMesh: Building static mesh SM_LCave_P_Free_MiteTite_02...
[2017.10.25-20.13.51:649][256]LogStaticMesh: Built static mesh [0.01s] /Game/LuosCaves/Meshes/Props_Mite_Tites/SM_LCave_P_Free_MiteTite_02.SM_LCave_P_Free_MiteTite_02
[2017.10.25-20.13.51:654][256]LogStaticMesh: Building static mesh SM_LCave_P_Free_MiteTite_01...
[2017.10.25-20.13.51:683][256]LogStaticMesh: Built static mesh [0.03s] /Game/LuosCaves/Meshes/Props_Mite_Tites/SM_LCave_P_Free_MiteTite_01.SM_LCave_P_Free_MiteTite_01
[2017.10.25-20.13.51:697][256]LogMaterial: Missing cached shader map for material M_LCave_Master, compiling. 
[2017.10.25-20.13.51:730][256]LogMaterial: Missing cached shader map for material M_LCave_Master, compiling. 
[2017.10.25-20.13.51:751][256]LogStaticMesh: Building static mesh SM_LCave_P_Free_Column_01...
[2017.10.25-20.13.51:857][256]LogStaticMesh: Built static mesh [0.11s] /Game/LuosCaves/Meshes/Props_Columns/SM_LCave_P_Free_Column_01.SM_LCave_P_Free_Column_01
[2017.10.25-20.13.51:874][256]LogStaticMesh: Building static mesh SM_LCave_P_Free_Rock_01...
[2017.10.25-20.13.51:876][256]LogStaticMesh: Built static mesh [0.00s] /Game/LuosCaves/Meshes/Props_Rocks/SM_LCave_P_Free_Rock_01.SM_LCave_P_Free_Rock_01
[2017.10.25-20.13.51:880][256]LogStaticMesh: Building static mesh SM_LProp_Free_LightMushroom_07...
[2017.10.25-20.13.51:921][256]LogStaticMesh: Built static mesh [0.04s] /Game/LuosCaves/Meshes/Props_Mushrooms/SM_LProp_Free_LightMushroom_07.SM_LProp_Free_LightMushroom_07
[2017.10.25-20.13.51:922][256]LogStaticMesh: Building static mesh SM_LProp_Free_LightMushroom_06...
[2017.10.25-20.13.51:947][256]LogStaticMesh: Built static mesh [0.02s] /Game/LuosCaves/Meshes/Props_Mushrooms/SM_LProp_Free_LightMushroom_06.SM_LProp_Free_LightMushroom_06
[2017.10.25-20.13.51:949][256]LogStaticMesh: Building static mesh SM_LProp_Free_LightMushroom_05...
[2017.10.25-20.13.51:989][256]LogStaticMesh: Built static mesh [0.04s] /Game/LuosCaves/Meshes/Props_Mushrooms/SM_LProp_Free_LightMushroom_05.SM_LProp_Free_LightMushroom_05
[2017.10.25-20.13.51:990][256]LogStaticMesh: Building static mesh SM_LProp_Free_LightMushroom_04...
[2017.10.25-20.13.52:007][256]LogStaticMesh: Built static mesh [0.02s] /Game/LuosCaves/Meshes/Props_Mushrooms/SM_LProp_Free_LightMushroom_04.SM_LProp_Free_LightMushroom_04
[2017.10.25-20.13.52:007][256]LogStaticMesh: Building static mesh SM_LProp_Free_LightMushroom_03...
[2017.10.25-20.13.52:012][256]LogStaticMesh: Built static mesh [0.00s] /Game/LuosCaves/Meshes/Props_Mushrooms/SM_LProp_Free_LightMushroom_03.SM_LProp_Free_LightMushroom_03
[2017.10.25-20.13.52:014][256]LogStaticMesh: Building static mesh SM_LProp_Free_LightMushroom_02...
[2017.10.25-20.13.52:019][256]LogStaticMesh: Built static mesh [0.01s] /Game/LuosCaves/Meshes/Props_Mushrooms/SM_LProp_Free_LightMushroom_02.SM_LProp_Free_LightMushroom_02
[2017.10.25-20.13.52:020][256]LogStaticMesh: Building static mesh SM_LProp_Free_LightMushroom_01...
[2017.10.25-20.13.52:026][256]LogStaticMesh: Built static mesh [0.01s] /Game/LuosCaves/Meshes/Props_Mushrooms/SM_LProp_Free_LightMushroom_01.SM_LProp_Free_LightMushroom_01
[2017.10.25-20.13.52:033][256]LogTexture:Display: Building textures: T_LensFlare_Magic_01 (BGRA8, 512X512)
[2017.10.25-20.13.52:060][256]LogMaterial: Missing cached shader map for material M_LensFlare_Magic_01_DB, compiling. 
[2017.10.25-20.13.52:095][256]LogTexture:Display: Building textures: T_Paper (AutoDXT, 256X256)
[2017.10.25-20.13.52:135][256]LogMaterial: Missing cached shader map for material M_Ash, compiling. 
[2017.10.25-20.13.52:208][256]LogTexture:Display: Building textures: T_Fire_SmokeWisps_Tile_Dup (AutoDXT, 1024X1024)
[2017.10.25-20.13.52:597][256]LogTexture:Display: Building textures: T_Soft_Smoke2_Dup (AutoDXT, 512X512)
[2017.10.25-20.13.52:660][256]LogTexture:Display: Building textures: T_Effect_Goo_BG (DXT1, 512X512)
[2017.10.25-20.13.52:811][256]LogTexture:Display: Building textures: T_Smooth_tile_Dup (AutoDXT, 256X256)
[2017.10.25-20.13.52:839][256]LogMaterial: Missing cached shader map for material M_heatSmoke, compiling. 
[2017.10.25-20.13.53:073][256]LogTexture:Display: Building textures: T_TorchFire (AutoDXT, 2048X2048)
[2017.10.25-20.13.53:964][256]LogMaterial: Missing cached shader map for material FX_TorchFire, compiling. 
[2017.10.25-20.13.53:999][256]LogTexture:Display: Building textures: ThumbnailTexture (DXT1, 512X512)
[2017.10.25-20.13.54:067][256]LogMaterial: Missing cached shader map for material M_Lava_Flowing, compiling. 
[2017.10.25-20.13.54:106][256]LogStaticMesh: Building static mesh Fire_Torchier_1...
[2017.10.25-20.13.54:319][256]LogStaticMesh: Built static mesh [0.21s] /Game/InfinityBladeFireLands/Environments/Fire/Fire_Fortress/SM/Fire_Torchier_1.Fire_Torchier_1
[2017.10.25-20.13.54:323][256]LogStaticMesh: Building static mesh SM_Env_Fire_Cliffs_CliffWall_01a...
[2017.10.25-20.13.54:382][256]LogStaticMesh: Built static mesh [0.06s] /Game/InfinityBladeFireLands/Environments/Fire/Env_Fire_Rocky/StaticMesh/SM_Env_Fire_Cliffs_CliffWall_01a.SM_Env_Fire_Cliffs_CliffWall_01a
[2017.10.25-20.13.54:384][256]LogStaticMesh: Building static mesh SM_Env_Fire_Cliffs_CliffWall_02b...
[2017.10.25-20.13.54:463][256]LogStaticMesh: Built static mesh [0.08s] /Game/InfinityBladeFireLands/Environments/Fire/Env_Fire_Rocky/StaticMesh/SM_Env_Fire_Cliffs_CliffWall_02b.SM_Env_Fire_Cliffs_CliffWall_02b
[2017.10.25-20.13.54:467][256]LogStaticMesh: Building static mesh SM_LCave_Free_SeamCover_01...
[2017.10.25-20.13.54:481][256]LogStaticMesh: Built static mesh [0.02s] /Game/LuosCaves/Meshes/Caves_Transitions/SM_LCave_Free_SeamCover_01.SM_LCave_Free_SeamCover_01
[2017.10.25-20.13.54:485][256]LogStaticMesh: Building static mesh SM_Plains_Scrap_Bridge02...
[2017.10.25-20.13.54:493][256]LogStaticMesh: Built static mesh [0.01s] /Game/InfinityBladeGrassLands/Environments/Plains/Env_Plains_Floors/StaticMesh/SM_Plains_Scrap_Bridge02.SM_Plains_Scrap_Bridge02
[2017.10.25-20.13.54:495][256]LogStaticMesh: Building static mesh SM_WoodenBarrel_Intact...
[2017.10.25-20.13.54:510][256]LogStaticMesh: Built static mesh [0.01s] /Game/InfinityBladeGrassLands/Environments/Misc/Exo_Deco01/StaticMesh/SM_WoodenBarrel_Intact.SM_WoodenBarrel_Intact
[2017.10.25-20.13.54:554][256]LogTexture:Display: Building textures: T_Plains_FloorsBeams_N (BC5, 1024X1024)
[2017.10.25-20.13.54:708][256]LogTexture:Display: Building textures: T_Plains_FloorsBeams_D (AutoDXT, 1024X1024)
[2017.10.25-20.13.55:268][256]LogMaterial: Missing cached shader map for material M_PLains_Scrap_Bridge, compiling. 
[2017.10.25-20.13.55:480][256]LogTexture:Display: Building textures: T_Fire_Cliffs_TilingCliffWall_D (AutoDXT, 2048X2048)
[2017.10.25-20.13.58:052][256]LogTexture:Display: Building textures: T_Fire_Cliffs_TilingCliffWall_N (BC5, 2048X2048)
[2017.10.25-20.13.58:495][256]LogMaterial: Missing cached shader map for material M_Env_Fire_Cliffs_TilingCliffWall, compiling. 
[2017.10.25-20.13.58:527][256]LogMaterial: Missing cached shader map for material M_Plate_Floor_2, compiling. 
[2017.10.25-20.13.58:568][256]LogAIModule: Creating AISystem for world SummoningTreasure
[2017.10.25-20.13.58:688][256]LogEditorServer: Finished looking for orphan Actors (0.000 secs)
[2017.10.25-20.13.58:740][256]Cmd: MAP CHECKDEP NOCLEARLOG
[2017.10.25-20.13.58:823][256]MapCheck: Info Map check complete: 0 Error(s), 0 Warning(s), took 82.795ms to complete.
[2017.10.25-20.13.58:823][256]LogFileHelpers: Loading map 'SummoningTreasure' took 50.707
[2017.10.25-20.36.27:966][741]Cmd: QUIT_EDITOR
[2017.10.25-20.36.27:982][741]LogWindowsTextInputMethodSystem:Display: IME system now deactivated.
[2017.10.25-20.36.27:991][741]LogExit: Preparing to exit.
[2017.10.25-20.36.28:649][741]LogDirectoryWatcher: A directory notification for 'C:/Users/u0965156/Documents/GitHub/SummoningTreasure/SummonTreasure/Content/' was aborted.
[2017.10.25-20.36.28:669][741]LogExit: Editor shut down
[2017.10.25-20.36.28:673][741]LogExit: Transaction tracking system shut down
[2017.10.25-20.36.28:764][741]LogObj: Freed 0b from 0 cluster array pools.
[2017.10.25-20.36.28:764][741]LogExit: Object subsystem successfully closed.
[2017.10.25-20.36.28:782][741]LogD3D11RHI: Shutdown
[2017.10.25-20.36.28:782][741]LogD3D11RHI: CleanupD3DDevice
[2017.10.25-20.36.28:831][741]LogD3D11RHI: ~FD3D11DynamicRHI
[2017.10.25-20.36.28:847][741]LogModuleManager: Shutting down and abandoning module HierarchicalLODOutliner (524)
[2017.10.25-20.36.28:847][741]LogModuleManager: Shutting down and abandoning module CrashTracker (522)
[2017.10.25-20.36.28:847][741]LogModuleManager: Shutting down and abandoning module SceneOutliner (520)
[2017.10.25-20.36.28:847][741]LogModuleManager: Shutting down and abandoning module AddContentDialog (518)
[2017.10.25-20.36.28:847][741]LogDirectoryWatcher: A directory notification for 'C:/Program Files/Epic Games/UE_4.16/FeaturePacks/' was aborted.
[2017.10.25-20.36.28:851][741]LogModuleManager: Shutting down and abandoning module WidgetCarousel (517)
[2017.10.25-20.36.28:851][741]LogModuleManager: Shutting down and abandoning module EditorWidgets (514)
[2017.10.25-20.36.28:851][741]LogModuleManager: Shutting down and abandoning module CollectionManager (512)
[2017.10.25-20.36.28:851][741]LogDirectoryWatcher: A directory notification for 'C:/Users/u0965156/Documents/GitHub/SummoningTreasure/SummonTreasure/Content/Collections/' was aborted.
[2017.10.25-20.36.28:851][741]LogDirectoryWatcher: A directory notification for 'C:/Users/u0965156/Documents/GitHub/SummoningTreasure/SummonTreasure/Content/Developers/u0965156/Collections/' was aborted.
[2017.10.25-20.36.28:851][741]LogDirectoryWatcher: A directory notification for 'C:/Users/u0965156/Documents/GitHub/SummoningTreasure/SummonTreasure/Saved/Collections/' was aborted.
[2017.10.25-20.36.28:851][741]LogModuleManager: Shutting down and abandoning module StatsViewer (510)
[2017.10.25-20.36.28:851][741]LogModuleManager: Shutting down and abandoning module FoliageEdit (508)
[2017.10.25-20.36.28:852][741]LogModuleManager: Shutting down and abandoning module LandscapeEditor (506)
[2017.10.25-20.36.28:852][741]LogModuleManager: Shutting down and abandoning module MeshPaintMode (504)
[2017.10.25-20.36.28:852][741]LogModuleManager: Shutting down and abandoning module SceneDepthPickerMode (502)
[2017.10.25-20.36.28:852][741]LogModuleManager: Shutting down and abandoning module ActorPickerMode (500)
[2017.10.25-20.36.28:852][741]LogModuleManager: Shutting down and abandoning module GeometryMode (498)
[2017.10.25-20.36.28:852][741]LogModuleManager: Shutting down and abandoning module TextureAlignMode (496)
[2017.10.25-20.36.28:852][741]LogModuleManager: Shutting down and abandoning module BspMode (494)
[2017.10.25-20.36.28:852][741]LogModuleManager: Shutting down and abandoning module HardwareSurvey (492)
[2017.10.25-20.36.28:852][741]LogModuleManager: Shutting down and abandoning module SequenceRecorderSections (490)
[2017.10.25-20.36.28:852][741]LogModuleManager: Shutting down and abandoning module AutomationWorker (488)
[2017.10.25-20.36.28:852][741]LogModuleManager: Shutting down and abandoning module MatineeToLevelSequence (486)
[2017.10.25-20.36.28:852][741]LogModuleManager: Shutting down and abandoning module LevelSequenceEditor (484)
[2017.10.25-20.36.28:852][741]LogModuleManager: Shutting down and abandoning module PlacementMode (483)
[2017.10.25-20.36.28:852][741]LogModuleManager: Shutting down and abandoning module WmfMediaFactory (480)
[2017.10.25-20.36.28:852][741]LogModuleManager: Shutting down and abandoning module WmfMediaEditor (478)
[2017.10.25-20.36.28:852][741]LogModuleManager: Shutting down and abandoning module AvfMediaFactory (476)
[2017.10.25-20.36.28:852][741]LogModuleManager: Shutting down and abandoning module AvfMediaEditor (474)
[2017.10.25-20.36.28:852][741]LogModuleManager: Shutting down and abandoning module AndroidMediaFactory (472)
[2017.10.25-20.36.28:852][741]LogModuleManager: Shutting down and abandoning module Media (471)
[2017.10.25-20.36.28:852][741]LogModuleManager: Shutting down and abandoning module AndroidMediaEditor (468)
[2017.10.25-20.36.28:852][741]LogModuleManager: Shutting down and abandoning module CharacterAI (466)
[2017.10.25-20.36.28:852][741]LogModuleManager: Shutting down and abandoning module AudioCapture (464)
[2017.10.25-20.36.28:852][741]LogModuleManager: Shutting down and abandoning module SequenceRecorder (463)
[2017.10.25-20.36.28:852][741]LogModuleManager: Shutting down and abandoning module SmartSnapping (460)
[2017.10.25-20.36.28:852][741]LogModuleManager: Shutting down and abandoning module SessionServices (458)
[2017.10.25-20.36.28:852][741]LogModuleManager: Shutting down and abandoning module ViewportSnapping (456)
[2017.10.25-20.36.28:852][741]LogModuleManager: Shutting down and abandoning module ViewportInteraction (454)
[2017.10.25-20.36.28:852][741]LogModuleManager: Shutting down and abandoning module ClothPainter (452)
[2017.10.25-20.36.28:852][741]LogModuleManager: Shutting down and abandoning module LogVisualizer (450)
[2017.10.25-20.36.28:852][741]LogModuleManager: Shutting down and abandoning module IntroTutorials (448)
[2017.10.25-20.36.28:852][741]LogModuleManager: Shutting down and abandoning module GameProjectGeneration (447)
[2017.10.25-20.36.28:852][741]LogModuleManager: Shutting down and abandoning module EditorLiveStreaming (444)
[2017.10.25-20.36.28:852][741]LogModuleManager: Shutting down and abandoning module IOSPlatformEditor (442)
[2017.10.25-20.36.28:852][741]LogModuleManager: Shutting down and abandoning module HTML5PlatformEditor (440)
[2017.10.25-20.36.28:852][741]LogModuleManager: Shutting down and abandoning module AndroidPlatformEditor (438)
[2017.10.25-20.36.28:852][741]LogModuleManager: Shutting down and abandoning module AndroidDeviceDetection (437)
[2017.10.25-20.36.28:936][741]LogModuleManager: Shutting down and abandoning module IOSRuntimeSettings (434)
[2017.10.25-20.36.28:936][741]LogModuleManager: Shutting down and abandoning module AndroidRuntimeSettings (432)
[2017.10.25-20.36.28:936][741]LogModuleManager: Shutting down and abandoning module InputBindingEditor (430)
[2017.10.25-20.36.28:936][741]LogModuleManager: Shutting down and abandoning module MergeActors (428)
[2017.10.25-20.36.28:936][741]LogModuleManager: Shutting down and abandoning module SizeMap (426)
[2017.10.25-20.36.28:936][741]LogModuleManager: Shutting down and abandoning module TreeMap (424)
[2017.10.25-20.36.28:936][741]LogModuleManager: Shutting down and abandoning module ReferenceViewer (422)
[2017.10.25-20.36.28:936][741]LogModuleManager: Shutting down and abandoning module LocalizationDashboard (420)
[2017.10.25-20.36.28:936][741]LogModuleManager: Shutting down and abandoning module LocalizationService (419)
[2017.10.25-20.36.28:936][741]LogModuleManager: Shutting down and abandoning module HardwareTargeting (416)
[2017.10.25-20.36.28:936][741]LogModuleManager: Shutting down and abandoning module DeviceProfileEditor (414)
[2017.10.25-20.36.28:936][741]LogModuleManager: Shutting down and abandoning module UndoHistory (412)
[2017.10.25-20.36.28:936][741]LogModuleManager: Shutting down and abandoning module UserFeedback (410)
[2017.10.25-20.36.28:936][741]LogModuleManager: Shutting down and abandoning module XmlParser (408)
[2017.10.25-20.36.28:936][741]LogModuleManager: Shutting down and abandoning module Blutility (406)
[2017.10.25-20.36.28:936][741]LogModuleManager: Shutting down and abandoning module ProjectSettingsViewer (404)
[2017.10.25-20.36.28:936][741]LogModuleManager: Shutting down and abandoning module ProjectTargetPlatformEditor (403)
[2017.10.25-20.36.28:936][741]LogModuleManager: Shutting down and abandoning module EditorSettingsViewer (400)
[2017.10.25-20.36.28:936][741]LogModuleManager: Shutting down and abandoning module SettingsEditor (398)
[2017.10.25-20.36.28:937][741]LogModuleManager: Shutting down and abandoning module ProjectLauncher (396)
[2017.10.25-20.36.28:937][741]LogModuleManager: Shutting down and abandoning module SessionFrontend (394)
[2017.10.25-20.36.28:937][741]LogModuleManager: Shutting down and abandoning module ProfilerClient (392)
[2017.10.25-20.36.28:937][741]LogModuleManager: Shutting down and abandoning module DeviceManager (390)
[2017.10.25-20.36.28:937][741]LogModuleManager: Shutting down and abandoning module TargetDeviceServices (389)
[2017.10.25-20.36.29:003][741]LogModuleManager: Shutting down and abandoning module AutomationController (386)
[2017.10.25-20.36.29:003][741]LogModuleManager: Shutting down and abandoning module AutomationWindow (384)
[2017.10.25-20.36.29:003][741]LogModuleManager: Shutting down and abandoning module Layers (382)
[2017.10.25-20.36.29:003][741]LogModuleManager: Shutting down and abandoning module ComponentVisualizers (380)
[2017.10.25-20.36.29:003][741]LogModuleManager: Shutting down and abandoning module DetailCustomizations (378)
[2017.10.25-20.36.29:003][741]LogModuleManager: Shutting down and abandoning module PackagesDialog (376)
[2017.10.25-20.36.29:003][741]LogModuleManager: Shutting down and abandoning module Persona (374)
[2017.10.25-20.36.29:003][741]LogModuleManager: Shutting down and abandoning module AdvancedPreviewScene (373)
[2017.10.25-20.36.29:003][741]LogModuleManager: Shutting down and abandoning module AnimGraph (371)
[2017.10.25-20.36.29:003][741]LogModuleManager: Shutting down and abandoning module Kismet (368)
[2017.10.25-20.36.29:003][741]LogModuleManager: Shutting down and abandoning module ClassViewer (366)
[2017.10.25-20.36.29:003][741]LogModuleManager: Shutting down and abandoning module Toolbox (364)
[2017.10.25-20.36.29:003][741]LogModuleManager: Shutting down and abandoning module ModuleUI (362)
[2017.10.25-20.36.29:003][741]LogModuleManager: Shutting down and abandoning module MovieSceneTools (360)
[2017.10.25-20.36.29:003][741]LogModuleManager: Shutting down and abandoning module OutputLog (358)
[2017.10.25-20.36.29:003][741]LogModuleManager: Shutting down and abandoning module GammaUI (356)
[2017.10.25-20.36.29:003][741]LogModuleManager: Shutting down and abandoning module Documentation (354)
[2017.10.25-20.36.29:003][741]LogModuleManager: Shutting down and abandoning module MovieSceneTracks (352)
[2017.10.25-20.36.29:003][741]LogModuleManager: Shutting down and abandoning module MovieScene (350)
[2017.10.25-20.36.29:003][741]LogModuleManager: Shutting down and abandoning module Niagara (348)
[2017.10.25-20.36.29:003][741]LogModuleManager: Shutting down and abandoning module NiagaraEditor (347)
[2017.10.25-20.36.29:003][741]LogModuleManager: Shutting down and abandoning module StreamingPauseRendering (344)
[2017.10.25-20.36.29:003][741]LogModuleManager: Shutting down and abandoning module AnalyticsET (342)
[2017.10.25-20.36.29:003][741]LogModuleManager: Shutting down and abandoning module PortalServices (340)
[2017.10.25-20.36.29:003][741]LogModuleManager: Shutting down and abandoning module PortalRpc (338)
[2017.10.25-20.36.29:003][741]LogModuleManager: Shutting down and abandoning module MessagingRpc (336)
[2017.10.25-20.36.29:003][741]LogModuleManager: Shutting down and abandoning module AIModule (334)
[2017.10.25-20.36.29:003][741]LogModuleManager: Shutting down and abandoning module GameplayDebugger (333)
[2017.10.25-20.36.29:003][741]LogModuleManager: Shutting down and abandoning module AITestSuite (331)
[2017.10.25-20.36.29:003][741]LogModuleManager: Shutting down and abandoning module ProfilerService (328)
[2017.10.25-20.36.29:211][741]LogModuleManager: Shutting down and abandoning module TaskGraph (326)
[2017.10.25-20.36.29:211][741]LogModuleManager: Shutting down and abandoning module SteamVRController (324)
[2017.10.25-20.36.29:211][741]LogModuleManager: Shutting down and abandoning module SteamVR (322)
[2017.10.25-20.36.29:211][741]LogModuleManager: Shutting down and abandoning module ProceduralMeshComponentEditor (320)
[2017.10.25-20.36.29:211][741]LogModuleManager: Shutting down and abandoning module ProceduralMeshComponent (318)
[2017.10.25-20.36.29:211][741]LogModuleManager: Shutting down and abandoning module OculusLibrary (316)
[2017.10.25-20.36.29:211][741]LogModuleManager: Shutting down and abandoning module OculusInput (314)
[2017.10.25-20.36.29:211][741]LogModuleManager: Shutting down and abandoning module MobilePatchingUtils (312)
[2017.10.25-20.36.29:211][741]LogModuleManager: Shutting down and abandoning module CustomMeshComponent (310)
[2017.10.25-20.36.29:211][741]LogModuleManager: Shutting down and abandoning module CableComponent (308)
[2017.10.25-20.36.29:211][741]LogModuleManager: Shutting down and abandoning module ArchVisCharacter (306)
[2017.10.25-20.36.29:211][741]LogModuleManager: Shutting down and abandoning module AndroidPermission (304)
[2017.10.25-20.36.29:211][741]LogModuleManager: Shutting down and abandoning module MediaPlayerEditor (300)
[2017.10.25-20.36.29:211][741]LogModuleManager: Shutting down and abandoning module HTML5Networking (298)
[2017.10.25-20.36.29:211][741]LogModuleManager: Shutting down and abandoning module AlembicImporter (296)
[2017.10.25-20.36.29:211][741]LogModuleManager: Shutting down and abandoning module AlembicLibrary (295)
[2017.10.25-20.36.29:211][741]LogModuleManager: Shutting down and abandoning module GeometryCache (294)
[2017.10.25-20.36.29:211][741]LogModuleManager: Shutting down and abandoning module GeometryCacheEd (293)
[2017.10.25-20.36.29:211][741]LogModuleManager: Shutting down and abandoning module SuperSearchEditor (288)
[2017.10.25-20.36.29:211][741]LogModuleManager: Shutting down and abandoning module SuperSearch (287)
[2017.10.25-20.36.29:211][741]LogModuleManager: Shutting down and abandoning module SpeedTreeImporter (284)
[2017.10.25-20.36.29:211][741]LogModuleManager: Shutting down and abandoning module PluginBrowser (282)
[2017.10.25-20.36.29:211][741]LogModuleManager: Shutting down and abandoning module MobileLauncherProfileWizard (280)
[2017.10.25-20.36.29:211][741]LogModuleManager: Shutting down and abandoning module VisualStudioSourceCodeAccess (278)
[2017.10.25-20.36.29:212][741]LogModuleManager: Shutting down and abandoning module DesktopPlatform (277)
[2017.10.25-20.36.29:212][741]LogModuleManager: Shutting down and abandoning module UObjectPlugin (274)
[2017.10.25-20.36.29:212][741]LogModuleManager: Shutting down and abandoning module SubversionSourceControl (272)
[2017.10.25-20.36.29:212][741]LogModuleManager: Shutting down and abandoning module PerforceSourceControl (270)
[2017.10.25-20.36.29:212][741]LogModuleManager: Shutting down and abandoning module GitSourceControl (268)
[2017.10.25-20.36.29:212][741]LogModuleManager: Shutting down and abandoning module SourceControl (267)
[2017.10.25-20.36.29:212][741]LogModuleManager: Shutting down and abandoning module LightPropagationVolumeEditor (264)
[2017.10.25-20.36.29:212][741]LogModuleManager: Shutting down and abandoning module PaperTiledImporter (262)
[2017.10.25-20.36.29:212][741]LogModuleManager: Shutting down and abandoning module PaperSpriteSheetImporter (260)
[2017.10.25-20.36.29:212][741]LogModuleManager: Shutting down and abandoning module Paper2DEditor (258)
[2017.10.25-20.36.29:212][741]LogModuleManager: Shutting down and abandoning module MeshPaint (257)
[2017.10.25-20.36.29:212][741]LogModuleManager: Shutting down and abandoning module LevelEditor (255)
[2017.10.25-20.36.29:212][741]LogModuleManager: Shutting down and abandoning module PixelInspectorModule (254)
[2017.10.25-20.36.29:212][741]LogModuleManager: Shutting down and abandoning module MainFrame (252)
[2017.10.25-20.36.29:212][741]LogModuleManager: Shutting down and abandoning module HotReload (251)
[2017.10.25-20.36.29:213][741]LogModuleManager: Shutting down and abandoning module PhysXVehiclesEditor (246)
[2017.10.25-20.36.29:213][741]LogModuleManager: Shutting down and abandoning module PhysXVehicles (244)
[2017.10.25-20.36.29:213][741]LogModuleManager: Shutting down and abandoning module LocationServicesBPLibrary (242)
[2017.10.25-20.36.29:213][741]LogModuleManager: Shutting down and abandoning module ImmediatePhysicsEditor (240)
[2017.10.25-20.36.29:213][741]LogModuleManager: Shutting down and abandoning module ImmediatePhysics (238)
[2017.10.25-20.36.29:213][741]LogModuleManager: Shutting down and abandoning module UdpMessaging (236)
[2017.10.25-20.36.29:314][741]LogModuleManager: Shutting down and abandoning module TcpMessaging (234)
[2017.10.25-20.36.29:526][741]LogModuleManager: Shutting down and abandoning module GameplayTagsEditor (232)
[2017.10.25-20.36.29:526][741]LogModuleManager: Shutting down and abandoning module FacialAnimationEditor (230)
[2017.10.25-20.36.29:526][741]LogModuleManager: Shutting down and abandoning module FacialAnimation (228)
[2017.10.25-20.36.29:526][741]LogModuleManager: Shutting down and abandoning module AssetManagerEditor (226)
[2017.10.25-20.36.29:526][741]LogModuleManager: Shutting down and abandoning module GraphEditor (225)
[2017.10.25-20.36.29:526][741]LogModuleManager: Shutting down and abandoning module ContentBrowser (223)
[2017.10.25-20.36.29:527][741]LogModuleManager: Shutting down and abandoning module LightPropagationVolumeRuntime (220)
[2017.10.25-20.36.29:527][741]LogModuleManager: Shutting down and abandoning module Paper2D (218)
[2017.10.25-20.36.29:527][741]LogModuleManager: Shutting down and abandoning module WindowsMoviePlayer (216)
[2017.10.25-20.36.29:527][741]LogModuleManager: Shutting down and abandoning module WmfMedia (214)
[2017.10.25-20.36.29:527][741]LogModuleManager: Shutting down and abandoning module ClothingSystemEditor (212)
[2017.10.25-20.36.29:527][741]LogModuleManager: Shutting down and abandoning module ClothingSystemRuntime (210)
[2017.10.25-20.36.29:527][741]LogModuleManager: Shutting down and abandoning module MediaAssets (208)
[2017.10.25-20.36.29:527][741]LogModuleManager: Shutting down and abandoning module GameLiveStreaming (206)
[2017.10.25-20.36.29:527][741]LogModuleManager: Shutting down and abandoning module VREditor (204)
[2017.10.25-20.36.29:527][741]LogModuleManager: Shutting down and abandoning module StringTableEditor (202)
[2017.10.25-20.36.29:527][741]LogModuleManager: Shutting down and abandoning module GameplayTasksEditor (200)
[2017.10.25-20.36.29:527][741]LogModuleManager: Shutting down and abandoning module BehaviorTreeEditor (198)
[2017.10.25-20.36.29:527][741]LogModuleManager: Shutting down and abandoning module FunctionalTesting (196)
[2017.10.25-20.36.29:527][741]LogModuleManager: Shutting down and abandoning module CollisionAnalyzer (194)
[2017.10.25-20.36.29:527][741]LogModuleManager: Shutting down and abandoning module UMG (192)
[2017.10.25-20.36.29:527][741]LogModuleManager: Shutting down and abandoning module UMGEditor (191)
[2017.10.25-20.36.29:528][741]LogModuleManager: Shutting down and abandoning module Sequencer (190)
[2017.10.25-20.36.29:528][741]LogModuleManager: Shutting down and abandoning module AssetTools (188)
[2017.10.25-20.36.29:528][741]LogModuleManager: Shutting down and abandoning module MessageLog (187)
[2017.10.25-20.36.29:528][741]LogModuleManager: Shutting down and abandoning module WorkspaceMenuStructure (186)
[2017.10.25-20.36.29:528][741]LogModuleManager: Shutting down and abandoning module SlateReflector (180)
[2017.10.25-20.36.29:528][741]LogModuleManager: Shutting down and abandoning module Slate (178)
[2017.10.25-20.36.29:528][741]LogModuleManager: Shutting down and abandoning module EditorStyle (176)
[2017.10.25-20.36.29:530][741]LogModuleManager: Shutting down and abandoning module SourceCodeAccess (174)
[2017.10.25-20.36.29:530][741]LogModuleManager: Shutting down and abandoning module HeadMountedDisplay (172)
[2017.10.25-20.36.29:530][741]LogModuleManager: Shutting down and abandoning module XAudio2 (170)
[2017.10.25-20.36.29:530][741]LogModuleManager: Shutting down and abandoning module Networking (168)
[2017.10.25-20.36.29:530][741]LogModuleManager: Shutting down and abandoning module Core (164)
[2017.10.25-20.36.29:530][741]LogModuleManager: Shutting down and abandoning module AssetRegistry (162)
[2017.10.25-20.36.29:600][741]LogDirectoryWatcher: A directory notification for '../../../Engine/Content/' was aborted.
[2017.10.25-20.36.29:600][741]LogDirectoryWatcher: A directory notification for '../../../../../../Users/u0965156/Documents/GitHub/SummoningTreasure/SummonTreasure/Content/' was aborted.
[2017.10.25-20.36.29:600][741]LogDirectoryWatcher: A directory notification for '../../../Engine/Plugins/2D/Paper2D/Content/' was aborted.
[2017.10.25-20.36.29:600][741]LogDirectoryWatcher: A directory notification for '../../../Engine/Plugins/Runtime/GearVR/Content/' was aborted.
[2017.10.25-20.36.29:603][741]LogModuleManager: Shutting down and abandoning module DirectoryWatcher (161)
[2017.10.25-20.36.29:603][741]LogModuleManager: Shutting down and abandoning module KismetCompiler (158)
[2017.10.25-20.36.29:603][741]LogModuleManager: Shutting down and abandoning module LevelSequence (156)
[2017.10.25-20.36.29:603][741]LogModuleManager: Shutting down and abandoning module PhysXFormats (154)
[2017.10.25-20.36.29:603][741]LogModuleManager: Shutting down and abandoning module MeshUtilities (152)
[2017.10.25-20.36.29:603][741]LogModuleManager: Shutting down and abandoning module SimplygonSwarm (151)
[2017.10.25-20.36.29:603][741]LogModuleManager: Shutting down and abandoning module SimplygonMeshReduction (149)
[2017.10.25-20.36.29:603][741]LogModuleManager: Shutting down and abandoning module QuadricMeshReduction (147)
[2017.10.25-20.36.29:603][741]LogModuleManager: Shutting down and abandoning module DerivedDataCache (144)
[2017.10.25-20.36.29:700][741]LogDerivedDataCache: Shutdown
[2017.10.25-20.36.29:700][741]LogModuleManager: Shutting down and abandoning module TargetPlatform (142)
[2017.10.25-20.36.29:700][741]LogModuleManager: Shutting down and abandoning module VulkanShaderFormat (141)
[2017.10.25-20.36.29:700][741]LogModuleManager: Shutting down and abandoning module ShaderFormatVectorVM (139)
[2017.10.25-20.36.29:700][741]LogModuleManager: Shutting down and abandoning module ShaderFormatOpenGL (137)
[2017.10.25-20.36.29:700][741]LogModuleManager: Shutting down and abandoning module ShaderFormatD3D (135)
[2017.10.25-20.36.29:700][741]LogModuleManager: Shutting down and abandoning module MetalShaderFormat (133)
[2017.10.25-20.36.29:700][741]LogModuleManager: Shutting down and abandoning module TextureFormatUncompressed (131)
[2017.10.25-20.36.29:700][741]LogModuleManager: Shutting down and abandoning module TextureFormatPVR (129)
[2017.10.25-20.36.29:700][741]LogModuleManager: Shutting down and abandoning module TextureFormatDXT (127)
[2017.10.25-20.36.29:700][741]LogModuleManager: Shutting down and abandoning module TextureFormatIntelISPCTexComp (125)
[2017.10.25-20.36.29:700][741]LogModuleManager: Shutting down and abandoning module TextureFormatASTC (123)
[2017.10.25-20.36.29:700][741]LogModuleManager: Shutting down and abandoning module ImageWrapper (122)
[2017.10.25-20.36.29:700][741]LogModuleManager: Shutting down and abandoning module TextureFormatAndroid (119)
[2017.10.25-20.36.29:700][741]LogModuleManager: Shutting down and abandoning module AudioFormatOpus (117)
[2017.10.25-20.36.29:700][741]LogModuleManager: Shutting down and abandoning module AudioFormatOgg (115)
[2017.10.25-20.36.29:700][741]LogModuleManager: Shutting down and abandoning module AudioFormatADPCM (113)
[2017.10.25-20.36.29:700][741]LogModuleManager: Shutting down and abandoning module LinuxTargetPlatform (111)
[2017.10.25-20.36.29:700][741]LogModuleManager: Shutting down and abandoning module LinuxServerTargetPlatform (109)
[2017.10.25-20.36.29:700][741]LogModuleManager: Shutting down and abandoning module LinuxNoEditorTargetPlatform (107)
[2017.10.25-20.36.29:700][741]LogModuleManager: Shutting down and abandoning module LinuxClientTargetPlatform (105)
[2017.10.25-20.36.29:700][741]LogModuleManager: Shutting down and abandoning module TVOSTargetPlatform (103)
[2017.10.25-20.36.29:700][741]LogModuleManager: Shutting down and abandoning module Messaging (101)
[2017.10.25-20.36.29:700][741]LogModuleManager: Shutting down and abandoning module IOSTargetPlatform (99)
[2017.10.25-20.36.29:700][741]LogModuleManager: Shutting down and abandoning module HTML5TargetPlatform (97)
[2017.10.25-20.36.29:700][741]LogModuleManager: Shutting down and abandoning module Android_PVRTCTargetPlatform (95)
[2017.10.25-20.36.29:700][741]LogModuleManager: Shutting down and abandoning module Android_MultiTargetPlatform (93)
[2017.10.25-20.36.29:700][741]LogModuleManager: Shutting down and abandoning module Android_ETC2TargetPlatform (91)
[2017.10.25-20.36.29:700][741]LogModuleManager: Shutting down and abandoning module Android_ETC1TargetPlatform (89)
[2017.10.25-20.36.29:700][741]LogModuleManager: Shutting down and abandoning module Android_DXTTargetPlatform (87)
[2017.10.25-20.36.29:701][741]LogModuleManager: Shutting down and abandoning module Android_ATCTargetPlatform (85)
[2017.10.25-20.36.29:701][741]LogModuleManager: Shutting down and abandoning module Android_ASTCTargetPlatform (83)
[2017.10.25-20.36.29:701][741]LogModuleManager: Shutting down and abandoning module AndroidTargetPlatform (81)
[2017.10.25-20.36.29:701][741]LogModuleManager: Shutting down and abandoning module WindowsTargetPlatform (79)
[2017.10.25-20.36.29:701][741]LogModuleManager: Shutting down and abandoning module WindowsServerTargetPlatform (77)
[2017.10.25-20.36.29:701][741]LogModuleManager: Shutting down and abandoning module WindowsNoEditorTargetPlatform (75)
[2017.10.25-20.36.29:701][741]LogModuleManager: Shutting down and abandoning module WindowsClientTargetPlatform (73)
[2017.10.25-20.36.29:701][741]LogModuleManager: Shutting down and abandoning module MacTargetPlatform (71)
[2017.10.25-20.36.29:701][741]LogModuleManager: Shutting down and abandoning module MacServerTargetPlatform (69)
[2017.10.25-20.36.29:701][741]LogModuleManager: Shutting down and abandoning module MacNoEditorTargetPlatform (67)
[2017.10.25-20.36.29:701][741]LogModuleManager: Shutting down and abandoning module MacClientTargetPlatform (65)
[2017.10.25-20.36.29:701][741]LogModuleManager: Shutting down and abandoning module AllDesktopTargetPlatform (63)
[2017.10.25-20.36.29:701][741]LogModuleManager: Shutting down and abandoning module InputCore (60)
[2017.10.25-20.36.29:701][741]LogModuleManager: Shutting down and abandoning module Settings (58)
[2017.10.25-20.36.29:701][741]LogModuleManager: Shutting down and abandoning module OculusRift (56)
[2017.10.25-20.36.29:701][741]LogModuleManager: Shutting down and abandoning module GearVRController (54)
[2017.10.25-20.36.29:701][741]LogModuleManager: Shutting down and abandoning module GearVR (52)
[2017.10.25-20.36.29:701][741]LogModuleManager: Shutting down and abandoning module ExampleDeviceProfileSelector (50)
[2017.10.25-20.36.29:701][741]LogModuleManager: Shutting down and abandoning module OnlineBlueprintSupport (48)
[2017.10.25-20.36.29:701][741]LogModuleManager: Shutting down and abandoning module OnlineSubsystem (44)
[2017.10.25-20.36.29:701][741]LogOnline:Display: Unloading online subsystem: NULL
[2017.10.25-20.36.29:701][741]LogModuleManager: Shutting down and abandoning module XMPP (43)
[2017.10.25-20.36.29:701][741]LogModuleManager: Shutting down and abandoning module HTTP (41)
[2017.10.25-20.36.29:701][741]LogHttp:Display: Http module shutting down, but needs to wait on 1 outstanding Http requests:
[2017.10.25-20.36.29:701][741]LogHttp:Display: 	verb=[POST] url=[https://datarouter.ol.epicgames.com/datarouter/api/v1/public/data?SessionID=%7B13249D2E-4869-2A65-A06E-48904A596A86%7D&AppID=UEEditor.Rocket.Release&AppVersion=4.16.2-3514769%2B%2B%2BUE4%2BRelease-4.16&UserID=4928ebbd4e28010d768acea5d1b3e6ba%7C235bea620fe74555bbe0168dfddda4c1%7C31537957-7bda-4984-b434-ea9d7a693b5c&AppEnvironment=datacollector-binary&UploadType=eteventstream] status=Processing
[2017.10.25-20.36.29:718][741]LogModuleManager: Shutting down and abandoning module SSL (40)
[2017.10.25-20.36.29:719][741]LogModuleManager: Shutting down and abandoning module HTTPChunkInstaller (36)
[2017.10.25-20.36.29:719][741]LogModuleManager: Shutting down and abandoning module AnimationModifiers (34)
[2017.10.25-20.36.29:719][741]LogModuleManager: Shutting down and abandoning module PropertyEditor (33)
[2017.10.25-20.36.29:719][741]LogModuleManager: Shutting down and abandoning module AudioEditor (30)
[2017.10.25-20.36.29:719][741]LogModuleManager: Shutting down and abandoning module TextureCompressor (28)
[2017.10.25-20.36.29:719][741]LogModuleManager: Shutting down and abandoning module ShaderCore (26)
[2017.10.25-20.36.29:719][741]LogModuleManager: Shutting down and abandoning module Landscape (24)
[2017.10.25-20.36.29:719][741]LogModuleManager: Shutting down and abandoning module SlateRHIRenderer (22)
[2017.10.25-20.36.29:720][741]LogModuleManager: Shutting down and abandoning module OpenGLDrv (20)
[2017.10.25-20.36.29:720][741]LogModuleManager: Shutting down and abandoning module D3D11RHI (18)
[2017.10.25-20.36.29:720][741]LogModuleManager: Shutting down and abandoning module AnimGraphRuntime (16)
[2017.10.25-20.36.29:720][741]LogModuleManager: Shutting down and abandoning module Renderer (14)
[2017.10.25-20.36.29:720][741]LogModuleManager: Shutting down and abandoning module Engine (12)
[2017.10.25-20.36.29:720][741]LogModuleManager: Shutting down and abandoning module CoreUObject (10)
[2017.10.25-20.36.29:720][741]LogModuleManager: Shutting down and abandoning module NetworkFile (8)
[2017.10.25-20.36.29:720][741]LogModuleManager: Shutting down and abandoning module StreamingFile (6)
[2017.10.25-20.36.29:720][741]LogModuleManager: Shutting down and abandoning module SandboxFile (4)
[2017.10.25-20.36.29:720][741]LogModuleManager: Shutting down and abandoning module PakFile (2)
[2017.10.25-20.36.29:722][741]LogExit: Exiting.
[2017.10.25-20.36.29:732][741]Log file closed, 10/25/17 14:36:29
